platforms/android_old/build/outputs/apk/manifest-merger-debug-report.txt
-- Merging decision tree log ---
manifest
ADDED from AndroidManifest.xml:2:1
	package
		ADDED from AndroidManifest.xml:2:98
	android:versionName
		ADDED from AndroidManifest.xml:2:70
	android:hardwareAccelerated
		ADDED from AndroidManifest.xml:2:11
	android:versionCode
		ADDED from AndroidManifest.xml:2:46
		INJECTED from AndroidManifest.xml:0:0
		INJECTED from AndroidManifest.xml:0:0
	xmlns:android
		ADDED from AndroidManifest.xml:2:124
supports-screens
ADDED from AndroidManifest.xml:3:5
	android:largeScreens
		ADDED from AndroidManifest.xml:3:49
	android:smallScreens
		ADDED from AndroidManifest.xml:3:132
	android:normalScreens
		ADDED from AndroidManifest.xml:3:77
	android:xlargeScreens
		ADDED from AndroidManifest.xml:3:160
	android:resizeable
		ADDED from AndroidManifest.xml:3:106
	android:anyDensity
		ADDED from AndroidManifest.xml:3:23
uses-permission#android.permission.INTERNET
ADDED from AndroidManifest.xml:4:5
	android:name
		ADDED from AndroidManifest.xml:4:22
application
ADDED from AndroidManifest.xml:5:5
MERGED from com.android.support:support-v4:24.2.0:25:5
MERGED from com.android.support:support-compat:24.2.0:25:5
MERGED from com.android.support:support-core-utils:24.2.0:25:5
MERGED from com.android.support:support-compat:24.2.0:25:5
MERGED from com.android.support:support-media-compat:24.2.0:25:5
MERGED from com.android.support:support-compat:24.2.0:25:5
MERGED from com.android.support:support-core-ui:24.2.0:25:5
MERGED from com.android.support:support-compat:24.2.0:25:5
MERGED from com.android.support:support-fragment:24.2.0:25:5
MERGED from com.android.support:support-compat:24.2.0:25:5
MERGED from com.android.support:support-core-utils:24.2.0:25:5
MERGED from com.android.support:support-compat:24.2.0:25:5
MERGED from com.android.support:support-media-compat:24.2.0:25:5
MERGED from com.android.support:support-compat:24.2.0:25:5
MERGED from com.android.support:support-core-ui:24.2.0:25:5
MERGED from com.android.support:support-compat:24.2.0:25:5
	android:label
		ADDED from AndroidManifest.xml:5:87
	android:supportsRtl
		ADDED from AndroidManifest.xml:5:120
	android:hardwareAccelerated
		ADDED from AndroidManifest.xml:5:18
	android:icon
		ADDED from AndroidManifest.xml:5:53
activity#com.intro.intro.MainActivity
ADDED from AndroidManifest.xml:6:9
	android:label
		ADDED from AndroidManifest.xml:6:97
	android:launchMode
		ADDED from AndroidManifest.xml:6:135
	android:windowSoftInputMode
		ADDED from AndroidManifest.xml:6:248
	android:configChanges
		ADDED from AndroidManifest.xml:6:19
	android:theme
		ADDED from AndroidManifest.xml:6:194
	android:name
		ADDED from AndroidManifest.xml:6:166
intent-filter#android.intent.action.MAIN+android.intent.category.LAUNCHER
ADDED from AndroidManifest.xml:7:13
	android:label
		ADDED from AndroidManifest.xml:7:28
action#android.intent.action.MAIN
ADDED from AndroidManifest.xml:8:17
	android:name
		ADDED from AndroidManifest.xml:8:25
category#android.intent.category.LAUNCHER
ADDED from AndroidManifest.xml:9:17
	android:name
		ADDED from AndroidManifest.xml:9:27
activity#com.orleonsoft.android.simplefilechooser.ui.FileChooserActivity
ADDED from AndroidManifest.xml:12:9
	android:screenOrientation
		ADDED from AndroidManifest.xml:12:155
	android:label
		ADDED from AndroidManifest.xml:12:43
	android:exported
		ADDED from AndroidManifest.xml:12:19
	android:name
		ADDED from AndroidManifest.xml:12:76
activity#com.plugin.gcm.PushHandlerActivity
ADDED from AndroidManifest.xml:13:9
	android:exported
		ADDED from AndroidManifest.xml:13:19
	android:name
		ADDED from AndroidManifest.xml:13:43
receiver#com.plugin.gcm.CordovaGCMBroadcastReceiver
ADDED from AndroidManifest.xml:14:9
	android:permission
		ADDED from AndroidManifest.xml:14:77
	android:name
		ADDED from AndroidManifest.xml:14:19
intent-filter#com.google.android.c2dm.intent.RECEIVE+com.google.android.c2dm.intent.REGISTRATION+com.intro.intro
ADDED from AndroidManifest.xml:15:13
action#com.google.android.c2dm.intent.RECEIVE
ADDED from AndroidManifest.xml:16:17
	android:name
		ADDED from AndroidManifest.xml:16:25
action#com.google.android.c2dm.intent.REGISTRATION
ADDED from AndroidManifest.xml:17:17
	android:name
		ADDED from AndroidManifest.xml:17:25
category#com.intro.intro
ADDED from AndroidManifest.xml:18:17
	android:name
		ADDED from AndroidManifest.xml:18:27
service#com.plugin.gcm.GCMIntentService
ADDED from AndroidManifest.xml:21:9
	android:name
		ADDED from AndroidManifest.xml:21:18
uses-sdk
ADDED from AndroidManifest.xml:23:5
MERGED from com.android.support:support-v4:24.2.0:21:5
MERGED from com.android.support:support-compat:24.2.0:21:5
MERGED from com.android.support:support-core-utils:24.2.0:21:5
MERGED from com.android.support:support-compat:24.2.0:21:5
MERGED from com.android.support:support-media-compat:24.2.0:21:5
MERGED from com.android.support:support-compat:24.2.0:21:5
MERGED from com.android.support:support-core-ui:24.2.0:21:5
MERGED from com.android.support:support-compat:24.2.0:21:5
MERGED from com.android.support:support-fragment:24.2.0:21:5
MERGED from com.android.support:support-compat:24.2.0:21:5
MERGED from com.android.support:support-core-utils:24.2.0:21:5
MERGED from com.android.support:support-compat:24.2.0:21:5
MERGED from com.android.support:support-media-compat:24.2.0:21:5
MERGED from com.android.support:support-compat:24.2.0:21:5
MERGED from com.android.support:support-core-ui:24.2.0:21:5
MERGED from com.android.support:support-compat:24.2.0:21:5
MERGED from android:CordovaLib:unspecified:debug:25:5
	tools:overrideLibrary
		ADDED from com.android.support:support-v4:24.2.0:23:9
	android:targetSdkVersion
		ADDED from AndroidManifest.xml:23:42
	android:minSdkVersion
		ADDED from AndroidManifest.xml:23:15
uses-permission#android.permission.READ_EXTERNAL_STORAGE
ADDED from AndroidManifest.xml:24:5
	android:name
		ADDED from AndroidManifest.xml:24:22
uses-permission#android.permission.WRITE_EXTERNAL_STORAGE
ADDED from AndroidManifest.xml:25:5
	android:name
		ADDED from AndroidManifest.xml:25:22
uses-permission#android.permission.READ_PHONE_STATE
ADDED from AndroidManifest.xml:26:5
	android:name
		ADDED from AndroidManifest.xml:26:22
uses-permission#android.permission.GET_ACCOUNTS
ADDED from AndroidManifest.xml:27:5
	android:name
		ADDED from AndroidManifest.xml:27:22
uses-permission#android.permission.ACCESS_COARSE_LOCATION
ADDED from AndroidManifest.xml:28:5
	android:name
		ADDED from AndroidManifest.xml:28:22
uses-permission#android.permission.ACCESS_FINE_LOCATION
ADDED from AndroidManifest.xml:29:5
	android:name
		ADDED from AndroidManifest.xml:29:22
uses-permission#android.permission.RECORD_AUDIO
ADDED from AndroidManifest.xml:30:5
	android:name
		ADDED from AndroidManifest.xml:30:22
uses-permission#android.permission.MODIFY_AUDIO_SETTINGS
ADDED from AndroidManifest.xml:31:5
	android:name
		ADDED from AndroidManifest.xml:31:22
uses-permission#android.permission.RECORD_VIDEO
ADDED from AndroidManifest.xml:32:5
	android:name
		ADDED from AndroidManifest.xml:32:22
uses-permission#android.permission.ACCESS_NETWORK_STATE
ADDED from AndroidManifest.xml:33:5
	android:name
		ADDED from AndroidManifest.xml:33:22
uses-permission#android.permission.WAKE_LOCK
ADDED from AndroidManifest.xml:34:5
	android:name
		ADDED from AndroidManifest.xml:34:22
uses-permission#android.permission.VIBRATE
ADDED from AndroidManifest.xml:35:5
	android:name
		ADDED from AndroidManifest.xml:35:22
uses-permission#com.google.android.c2dm.permission.RECEIVE
ADDED from AndroidManifest.xml:36:5
	android:name
		ADDED from AndroidManifest.xml:36:22
permission#com.intro.intro.permission.C2D_MESSAGE
ADDED from AndroidManifest.xml:37:5
	android:protectionLevel
		ADDED from AndroidManifest.xml:37:71
	android:name
		ADDED from AndroidManifest.xml:37:17
uses-permission#com.intro.intro.permission.C2D_MESSAGE
ADDED from AndroidManifest.xml:38:5
	android:name
		ADDED from AndroidManifest.xml:38:22